[INFO] Scanning for projects...
[INFO]                                                                         
[INFO] ------------------------------------------------------------------------
[INFO] Building QIYOSQ 0.0.1-SNAPSHOT
[INFO] ------------------------------------------------------------------------
[INFO] 
[INFO] >>> spring-boot-maven-plugin:1.5.7.RELEASE:run (default-cli) @ QIYOSQ >>>
[INFO] 
[INFO] --- maven-resources-plugin:2.6:resources (default-resources) @ QIYOSQ ---
[INFO] Using 'UTF-8' encoding to copy filtered resources.
[INFO] Copying 1 resource
[INFO] Copying 3 resources
[INFO] 
[INFO] --- maven-compiler-plugin:3.1:compile (default-compile) @ QIYOSQ ---
[INFO] Nothing to compile - all classes are up to date
[INFO] 
[INFO] --- maven-resources-plugin:2.6:testResources (default-testResources) @ QIYOSQ ---
[INFO] Using 'UTF-8' encoding to copy filtered resources.
[INFO] Copying 3 resources
[INFO] 
[INFO] --- maven-compiler-plugin:3.1:testCompile (default-testCompile) @ QIYOSQ ---
[INFO] Nothing to compile - all classes are up to date
[INFO] 
[INFO] <<< spring-boot-maven-plugin:1.5.7.RELEASE:run (default-cli) @ QIYOSQ <<<
[INFO] 
[INFO] --- spring-boot-maven-plugin:1.5.7.RELEASE:run (default-cli) @ QIYOSQ ---
[INFO] Attaching agents: []
Listening for transport dt_socket at address: 4001
2018-01-20 12:40:35,483 main ERROR Unable to locate appender "App-File-Appender" for logger config "guru.springframework.blog.controllers"
2018-01-20 12:40:35,486 main ERROR Unable to locate appender "SpringBoot-File-Appender" for logger config "org.springframework.web"

  .   ____          _            __ _ _
 /\\ / ___'_ __ _ _(_)_ __  __ _ \ \ \ \
( ( )\___ | '_ | '_| | '_ \/ _` | \ \ \ \
 \\/  ___)| |_)| | | | | || (_| |  ) ) ) )
  '  |____| .__|_| |_|_| |_\__, | / / / /
 =========|_|==============|___/=/_/_/_/
 :: Spring Boot ::        (v1.5.7.RELEASE)

2018-01-20 12:40:35.628 [main] INFO  arprast.qiyosq.SpringApplicationMain.logStarting(48) - Starting SpringApplicationMain on ari-prasetiyo with PID 5962 (/media/ari-prasetiyo/ae9fa562-7875-470a-a44a-18829c16dc0f/PROJECT/GITHUB/QIYOSQ/target/classes started by root in /media/ari-prasetiyo/ae9fa562-7875-470a-a44a-18829c16dc0f/PROJECT/GITHUB/QIYOSQ)
2018-01-20 12:40:35.633 [main] DEBUG arprast.qiyosq.SpringApplicationMain.logStarting(51) - Running with Spring Boot v1.5.7.RELEASE, Spring v4.3.11.RELEASE
2018-01-20 12:40:35.634 [main] INFO  arprast.qiyosq.SpringApplicationMain.logStartupProfileInfo(593) - No active profile set, falling back to default profiles: default
2018-01-20 12:40:44.505 [main] INFO  arprast.qiyosq.SpringApplicationMain.logStarted(57) - Started SpringApplicationMain in 9.325 seconds (JVM running for 10.1)
[INFO] ------------------------------------------------------------------------
[INFO] BUILD FAILURE
[INFO] ------------------------------------------------------------------------
[INFO] Total time: 17.644s
[INFO] Finished at: Sat Jan 20 12:40:49 WIB 2018
[INFO] Final Memory: 19M/328M
[INFO] ------------------------------------------------------------------------
[ERROR] Failed to execute goal org.springframework.boot:spring-boot-maven-plugin:1.5.7.RELEASE:run (default-cli) on project QIYOSQ: Could not exec java: Application finished with exit code: 137 -> [Help 1]
[ERROR] 
[ERROR] To see the full stack trace of the errors, re-run Maven with the -e switch.
[ERROR] Re-run Maven using the -X switch to enable full debug logging.
[ERROR] 
[ERROR] For more information about the errors and possible solutions, please read the following articles:
[ERROR] [Help 1] http://cwiki.apache.org/confluence/display/MAVEN/MojoExecutionException
[INFO] Scanning for projects...
[INFO]                                                                         
[INFO] ------------------------------------------------------------------------
[INFO] Building QIYOSQ 0.0.1-SNAPSHOT
[INFO] ------------------------------------------------------------------------
[INFO] 
[INFO] >>> spring-boot-maven-plugin:1.5.7.RELEASE:run (default-cli) @ QIYOSQ >>>
[INFO] 
[INFO] --- maven-resources-plugin:2.6:resources (default-resources) @ QIYOSQ ---
[INFO] Using 'UTF-8' encoding to copy filtered resources.
[INFO] Copying 1 resource
[INFO] Copying 3 resources
[INFO] 
[INFO] --- maven-compiler-plugin:3.1:compile (default-compile) @ QIYOSQ ---
[INFO] Nothing to compile - all classes are up to date
[INFO] 
[INFO] --- maven-resources-plugin:2.6:testResources (default-testResources) @ QIYOSQ ---
[INFO] Using 'UTF-8' encoding to copy filtered resources.
[INFO] Copying 3 resources
[INFO] 
[INFO] --- maven-compiler-plugin:3.1:testCompile (default-testCompile) @ QIYOSQ ---
[INFO] Nothing to compile - all classes are up to date
[INFO] 
[INFO] <<< spring-boot-maven-plugin:1.5.7.RELEASE:run (default-cli) @ QIYOSQ <<<
[INFO] 
[INFO] --- spring-boot-maven-plugin:1.5.7.RELEASE:run (default-cli) @ QIYOSQ ---
[INFO] Attaching agents: []
Listening for transport dt_socket at address: 4001
2018-01-20 12:40:54,132 main ERROR Unable to locate appender "App-File-Appender" for logger config "guru.springframework.blog.controllers"
2018-01-20 12:40:54,136 main ERROR Unable to locate appender "SpringBoot-File-Appender" for logger config "org.springframework.web"

  .   ____          _            __ _ _
 /\\ / ___'_ __ _ _(_)_ __  __ _ \ \ \ \
( ( )\___ | '_ | '_| | '_ \/ _` | \ \ \ \
 \\/  ___)| |_)| | | | | || (_| |  ) ) ) )
  '  |____| .__|_| |_|_| |_\__, | / / / /
 =========|_|==============|___/=/_/_/_/
 :: Spring Boot ::        (v1.5.7.RELEASE)

2018-01-20 12:40:54.275 [main] INFO  arprast.qiyosq.SpringApplicationMain.logStarting(48) - Starting SpringApplicationMain on ari-prasetiyo with PID 6053 (/media/ari-prasetiyo/ae9fa562-7875-470a-a44a-18829c16dc0f/PROJECT/GITHUB/QIYOSQ/target/classes started by root in /media/ari-prasetiyo/ae9fa562-7875-470a-a44a-18829c16dc0f/PROJECT/GITHUB/QIYOSQ)
2018-01-20 12:40:54.279 [main] DEBUG arprast.qiyosq.SpringApplicationMain.logStarting(51) - Running with Spring Boot v1.5.7.RELEASE, Spring v4.3.11.RELEASE
2018-01-20 12:40:54.280 [main] INFO  arprast.qiyosq.SpringApplicationMain.logStartupProfileInfo(593) - No active profile set, falling back to default profiles: default
2018-01-20 12:41:03.281 [main] INFO  arprast.qiyosq.SpringApplicationMain.logStarted(57) - Started SpringApplicationMain in 9.499 seconds (JVM running for 10.186)
2018-01-20 12:41:12.630 [http-nio-8181-exec-5] DEBUG arprast.qiyosq.server.MenuChainFilter.logDebug(75) - Uri chain filter=/admin/v1/view/main
2018-01-20 12:41:12.809 [http-nio-8181-exec-3] DEBUG arprast.qiyosq.server.MenuChainFilter.logDebug(75) - Uri chain filter=/admin/v1/spa/js/util.js
2018-01-20 12:41:12.836 [http-nio-8181-exec-2] DEBUG arprast.qiyosq.server.MenuChainFilter.logDebug(75) - Uri chain filter=/admin/v1/spa/js/sammy.template.js
2018-01-20 12:41:12.838 [http-nio-8181-exec-7] DEBUG arprast.qiyosq.server.MenuChainFilter.logDebug(75) - Uri chain filter=/admin/v1/spa/js/sammy.min.js
2018-01-20 12:41:12.839 [http-nio-8181-exec-9] DEBUG arprast.qiyosq.server.MenuChainFilter.logDebug(75) - Uri chain filter=/admin/v1/spa/js/route.js
2018-01-20 12:41:15.632 [http-nio-8181-exec-4] DEBUG arprast.qiyosq.server.MenuChainFilter.logDebug(75) - Uri chain filter=/Dashboard/V1
2018-01-20 12:41:15.682 [http-nio-8181-exec-4] ERROR freemarker.runtime.error(59) - Error executing FreeMarker template
freemarker.core.InvalidReferenceException: The following has evaluated to null or missing:
==> scriptMenu  [in template "admin/inc-sidebar.html" at line 85, column 7]

----
Tip: If the failing expression is known to be legally refer to something that's sometimes null or missing, either specify a default value like myOptionalVar!myDefault, or use <#if myOptionalVar??>when-present<#else>when-missing</#if>. (These only cover the last step of the expression; to cover the whole expression, use parenthesis: (myOptionalVar.foo)!myDefault, (myOptionalVar.foo)??
----

----
FTL stack trace ("~" means nesting-related):
	- Failed at: ${scriptMenu}  [in template "admin/inc-sidebar.html" in macro "sidebarmenu" at line 85, column 5]
	- Reached through: @inc_sidebar.sidebarmenu  [in template "admin/index.html" at line 72, column 21]
----
	at freemarker.core.InvalidReferenceException.getInstance(InvalidReferenceException.java:134) ~[freemarker-2.3.26-incubating.jar:2.3.26]
	at freemarker.core.EvalUtil.coerceModelToTextualCommon(EvalUtil.java:465) ~[freemarker-2.3.26-incubating.jar:2.3.26]
	at freemarker.core.EvalUtil.coerceModelToStringOrMarkup(EvalUtil.java:387) ~[freemarker-2.3.26-incubating.jar:2.3.26]
	at freemarker.core.EvalUtil.coerceModelToStringOrMarkup(EvalUtil.java:356) ~[freemarker-2.3.26-incubating.jar:2.3.26]
	at freemarker.core.DollarVariable.calculateInterpolatedStringOrMarkup(DollarVariable.java:96) ~[freemarker-2.3.26-incubating.jar:2.3.26]
	at freemarker.core.DollarVariable.accept(DollarVariable.java:59) ~[freemarker-2.3.26-incubating.jar:2.3.26]
	at freemarker.core.Environment.visit(Environment.java:362) [freemarker-2.3.26-incubating.jar:2.3.26]
	at freemarker.core.Environment.invoke(Environment.java:714) [freemarker-2.3.26-incubating.jar:2.3.26]
	at freemarker.core.UnifiedCall.accept(UnifiedCall.java:83) [freemarker-2.3.26-incubating.jar:2.3.26]
	at freemarker.core.Environment.visit(Environment.java:326) [freemarker-2.3.26-incubating.jar:2.3.26]
	at freemarker.core.Environment.visit(Environment.java:332) [freemarker-2.3.26-incubating.jar:2.3.26]
	at freemarker.core.Environment.process(Environment.java:305) [freemarker-2.3.26-incubating.jar:2.3.26]
	at freemarker.template.Template.process(Template.java:378) [freemarker-2.3.26-incubating.jar:2.3.26]
	at org.springframework.web.servlet.view.freemarker.FreeMarkerView.processTemplate(FreeMarkerView.java:367) [spring-webmvc-4.3.11.RELEASE.jar:4.3.11.RELEASE]
	at org.springframework.web.servlet.view.freemarker.FreeMarkerView.doRender(FreeMarkerView.java:284) [spring-webmvc-4.3.11.RELEASE.jar:4.3.11.RELEASE]
	at org.springframework.web.servlet.view.freemarker.FreeMarkerView.renderMergedTemplateModel(FreeMarkerView.java:234) [spring-webmvc-4.3.11.RELEASE.jar:4.3.11.RELEASE]
	at org.springframework.web.servlet.view.AbstractTemplateView.renderMergedOutputModel(AbstractTemplateView.java:167) [spring-webmvc-4.3.11.RELEASE.jar:4.3.11.RELEASE]
	at org.springframework.web.servlet.view.AbstractView.render(AbstractView.java:303) [spring-webmvc-4.3.11.RELEASE.jar:4.3.11.RELEASE]
	at org.springframework.web.servlet.DispatcherServlet.render(DispatcherServlet.java:1286) [spring-webmvc-4.3.11.RELEASE.jar:4.3.11.RELEASE]
	at org.springframework.web.servlet.DispatcherServlet.processDispatchResult(DispatcherServlet.java:1041) [spring-webmvc-4.3.11.RELEASE.jar:4.3.11.RELEASE]
	at org.springframework.web.servlet.DispatcherServlet.doDispatch(DispatcherServlet.java:984) [spring-webmvc-4.3.11.RELEASE.jar:4.3.11.RELEASE]
	at org.springframework.web.servlet.DispatcherServlet.doService(DispatcherServlet.java:901) [spring-webmvc-4.3.11.RELEASE.jar:4.3.11.RELEASE]
	at org.springframework.web.servlet.FrameworkServlet.processRequest(FrameworkServlet.java:970) [spring-webmvc-4.3.11.RELEASE.jar:4.3.11.RELEASE]
	at org.springframework.web.servlet.FrameworkServlet.doGet(FrameworkServlet.java:861) [spring-webmvc-4.3.11.RELEASE.jar:4.3.11.RELEASE]
	at javax.servlet.http.HttpServlet.service(HttpServlet.java:635) [tomcat-embed-core-8.5.20.jar:8.5.20]
	at org.springframework.web.servlet.FrameworkServlet.service(FrameworkServlet.java:846) [spring-webmvc-4.3.11.RELEASE.jar:4.3.11.RELEASE]
	at javax.servlet.http.HttpServlet.service(HttpServlet.java:742) [tomcat-embed-core-8.5.20.jar:8.5.20]
	at org.apache.catalina.core.ApplicationFilterChain.internalDoFilter(ApplicationFilterChain.java:231) [tomcat-embed-core-8.5.20.jar:8.5.20]
	at org.apache.catalina.core.ApplicationFilterChain.doFilter(ApplicationFilterChain.java:166) [tomcat-embed-core-8.5.20.jar:8.5.20]
	at org.apache.tomcat.websocket.server.WsFilter.doFilter(WsFilter.java:52) [tomcat-embed-websocket-8.5.20.jar:8.5.20]
	at org.apache.catalina.core.ApplicationFilterChain.internalDoFilter(ApplicationFilterChain.java:193) [tomcat-embed-core-8.5.20.jar:8.5.20]
	at org.apache.catalina.core.ApplicationFilterChain.doFilter(ApplicationFilterChain.java:166) [tomcat-embed-core-8.5.20.jar:8.5.20]
	at arprast.qiyosq.server.MenuChainFilter.doFilterMenu(MenuChainFilter.java:91) [classes/:?]
	at arprast.qiyosq.server.MenuChainFilter.doFilter(MenuChainFilter.java:52) [classes/:?]
	at org.apache.catalina.core.ApplicationFilterChain.internalDoFilter(ApplicationFilterChain.java:193) [tomcat-embed-core-8.5.20.jar:8.5.20]
	at org.apache.catalina.core.ApplicationFilterChain.doFilter(ApplicationFilterChain.java:166) [tomcat-embed-core-8.5.20.jar:8.5.20]
	at org.springframework.security.web.FilterChainProxy$VirtualFilterChain.doFilter(FilterChainProxy.java:317) [spring-security-web-4.2.3.RELEASE.jar:4.2.3.RELEASE]
	at org.springframework.security.web.access.intercept.FilterSecurityInterceptor.invoke(FilterSecurityInterceptor.java:127) [spring-security-web-4.2.3.RELEASE.jar:4.2.3.RELEASE]
	at org.springframework.security.web.access.intercept.FilterSecurityInterceptor.doFilter(FilterSecurityInterceptor.java:91) [spring-security-web-4.2.3.RELEASE.jar:4.2.3.RELEASE]
	at org.springframework.security.web.FilterChainProxy$VirtualFilterChain.doFilter(FilterChainProxy.java:331) [spring-security-web-4.2.3.RELEASE.jar:4.2.3.RELEASE]
	at org.springframework.security.web.access.ExceptionTranslationFilter.doFilter(ExceptionTranslationFilter.java:114) [spring-security-web-4.2.3.RELEASE.jar:4.2.3.RELEASE]
	at org.springframework.security.web.FilterChainProxy$VirtualFilterChain.doFilter(FilterChainProxy.java:331) [spring-security-web-4.2.3.RELEASE.jar:4.2.3.RELEASE]
	at org.springframework.security.web.session.SessionManagementFilter.doFilter(SessionManagementFilter.java:137) [spring-security-web-4.2.3.RELEASE.jar:4.2.3.RELEASE]
	at org.springframework.security.web.FilterChainProxy$VirtualFilterChain.doFilter(FilterChainProxy.java:331) [spring-security-web-4.2.3.RELEASE.jar:4.2.3.RELEASE]
	at org.springframework.security.web.authentication.AnonymousAuthenticationFilter.doFilter(AnonymousAuthenticationFilter.java:111) [spring-security-web-4.2.3.RELEASE.jar:4.2.3.RELEASE]
	at org.springframework.security.web.FilterChainProxy$VirtualFilterChain.doFilter(FilterChainProxy.java:331) [spring-security-web-4.2.3.RELEASE.jar:4.2.3.RELEASE]
	at org.springframework.security.web.servletapi.SecurityContextHolderAwareRequestFilter.doFilter(SecurityContextHolderAwareRequestFilter.java:170) [spring-security-web-4.2.3.RELEASE.jar:4.2.3.RELEASE]
	at org.springframework.security.web.FilterChainProxy$VirtualFilterChain.doFilter(FilterChainProxy.java:331) [spring-security-web-4.2.3.RELEASE.jar:4.2.3.RELEASE]
	at org.springframework.security.web.savedrequest.RequestCacheAwareFilter.doFilter(RequestCacheAwareFilter.java:63) [spring-security-web-4.2.3.RELEASE.jar:4.2.3.RELEASE]
	at org.springframework.security.web.FilterChainProxy$VirtualFilterChain.doFilter(FilterChainProxy.java:331) [spring-security-web-4.2.3.RELEASE.jar:4.2.3.RELEASE]
	at org.springframework.security.web.authentication.AbstractAuthenticationProcessingFilter.doFilter(AbstractAuthenticationProcessingFilter.java:200) [spring-security-web-4.2.3.RELEASE.jar:4.2.3.RELEASE]
	at org.springframework.security.web.FilterChainProxy$VirtualFilterChain.doFilter(FilterChainProxy.java:331) [spring-security-web-4.2.3.RELEASE.jar:4.2.3.RELEASE]
	at org.springframework.security.web.authentication.logout.LogoutFilter.doFilter(LogoutFilter.java:116) [spring-security-web-4.2.3.RELEASE.jar:4.2.3.RELEASE]
	at org.springframework.security.web.FilterChainProxy$VirtualFilterChain.doFilter(FilterChainProxy.java:331) [spring-security-web-4.2.3.RELEASE.jar:4.2.3.RELEASE]
	at arprast.qiyosq.server.ConfigurationCrsfFilter.doFilterInternal(ConfigurationCrsfFilter.java:38) [classes/:?]
	at org.springframework.web.filter.OncePerRequestFilter.doFilter(OncePerRequestFilter.java:107) [spring-web-4.3.11.RELEASE.jar:4.3.11.RELEASE]
	at org.springframework.security.web.FilterChainProxy$VirtualFilterChain.doFilter(FilterChainProxy.java:331) [spring-security-web-4.2.3.RELEASE.jar:4.2.3.RELEASE]
	at org.springframework.security.web.csrf.CsrfFilter.doFilterInternal(CsrfFilter.java:100) [spring-security-web-4.2.3.RELEASE.jar:4.2.3.RELEASE]
	at org.springframework.web.filter.OncePerRequestFilter.doFilter(OncePerRequestFilter.java:107) [spring-web-4.3.11.RELEASE.jar:4.3.11.RELEASE]
	at org.springframework.security.web.FilterChainProxy$VirtualFilterChain.doFilter(FilterChainProxy.java:331) [spring-security-web-4.2.3.RELEASE.jar:4.2.3.RELEASE]
	at org.springframework.security.web.header.HeaderWriterFilter.doFilterInternal(HeaderWriterFilter.java:64) [spring-security-web-4.2.3.RELEASE.jar:4.2.3.RELEASE]
	at org.springframework.web.filter.OncePerRequestFilter.doFilter(OncePerRequestFilter.java:107) [spring-web-4.3.11.RELEASE.jar:4.3.11.RELEASE]
	at org.springframework.security.web.FilterChainProxy$VirtualFilterChain.doFilter(FilterChainProxy.java:331) [spring-security-web-4.2.3.RELEASE.jar:4.2.3.RELEASE]
	at org.springframework.security.web.context.SecurityContextPersistenceFilter.doFilter(SecurityContextPersistenceFilter.java:105) [spring-security-web-4.2.3.RELEASE.jar:4.2.3.RELEASE]
	at org.springframework.security.web.FilterChainProxy$VirtualFilterChain.doFilter(FilterChainProxy.java:331) [spring-security-web-4.2.3.RELEASE.jar:4.2.3.RELEASE]
	at org.springframework.security.web.context.request.async.WebAsyncManagerIntegrationFilter.doFilterInternal(WebAsyncManagerIntegrationFilter.java:56) [spring-security-web-4.2.3.RELEASE.jar:4.2.3.RELEASE]
	at org.springframework.web.filter.OncePerRequestFilter.doFilter(OncePerRequestFilter.java:107) [spring-web-4.3.11.RELEASE.jar:4.3.11.RELEASE]
	at org.springframework.security.web.FilterChainProxy$VirtualFilterChain.doFilter(FilterChainProxy.java:331) [spring-security-web-4.2.3.RELEASE.jar:4.2.3.RELEASE]
	at org.springframework.security.web.FilterChainProxy.doFilterInternal(FilterChainProxy.java:214) [spring-security-web-4.2.3.RELEASE.jar:4.2.3.RELEASE]
	at org.springframework.security.web.FilterChainProxy.doFilter(FilterChainProxy.java:177) [spring-security-web-4.2.3.RELEASE.jar:4.2.3.RELEASE]
	at org.springframework.web.filter.DelegatingFilterProxy.invokeDelegate(DelegatingFilterProxy.java:346) [spring-web-4.3.11.RELEASE.jar:4.3.11.RELEASE]
	at org.springframework.web.filter.DelegatingFilterProxy.doFilter(DelegatingFilterProxy.java:262) [spring-web-4.3.11.RELEASE.jar:4.3.11.RELEASE]
	at org.apache.catalina.core.ApplicationFilterChain.internalDoFilter(ApplicationFilterChain.java:193) [tomcat-embed-core-8.5.20.jar:8.5.20]
	at org.apache.catalina.core.ApplicationFilterChain.doFilter(ApplicationFilterChain.java:166) [tomcat-embed-core-8.5.20.jar:8.5.20]
	at org.springframework.web.filter.RequestContextFilter.doFilterInternal(RequestContextFilter.java:99) [spring-web-4.3.11.RELEASE.jar:4.3.11.RELEASE]
	at org.springframework.web.filter.OncePerRequestFilter.doFilter(OncePerRequestFilter.java:107) [spring-web-4.3.11.RELEASE.jar:4.3.11.RELEASE]
	at org.apache.catalina.core.ApplicationFilterChain.internalDoFilter(ApplicationFilterChain.java:193) [tomcat-embed-core-8.5.20.jar:8.5.20]
	at org.apache.catalina.core.ApplicationFilterChain.doFilter(ApplicationFilterChain.java:166) [tomcat-embed-core-8.5.20.jar:8.5.20]
	at org.springframework.web.filter.HttpPutFormContentFilter.doFilterInternal(HttpPutFormContentFilter.java:108) [spring-web-4.3.11.RELEASE.jar:4.3.11.RELEASE]
	at org.springframework.web.filter.OncePerRequestFilter.doFilter(OncePerRequestFilter.java:107) [spring-web-4.3.11.RELEASE.jar:4.3.11.RELEASE]
	at org.apache.catalina.core.ApplicationFilterChain.internalDoFilter(ApplicationFilterChain.java:193) [tomcat-embed-core-8.5.20.jar:8.5.20]
	at org.apache.catalina.core.ApplicationFilterChain.doFilter(ApplicationFilterChain.java:166) [tomcat-embed-core-8.5.20.jar:8.5.20]
	at org.springframework.web.filter.HiddenHttpMethodFilter.doFilterInternal(HiddenHttpMethodFilter.java:81) [spring-web-4.3.11.RELEASE.jar:4.3.11.RELEASE]
	at org.springframework.web.filter.OncePerRequestFilter.doFilter(OncePerRequestFilter.java:107) [spring-web-4.3.11.RELEASE.jar:4.3.11.RELEASE]
	at org.apache.catalina.core.ApplicationFilterChain.internalDoFilter(ApplicationFilterChain.java:193) [tomcat-embed-core-8.5.20.jar:8.5.20]
	at org.apache.catalina.core.ApplicationFilterChain.doFilter(ApplicationFilterChain.java:166) [tomcat-embed-core-8.5.20.jar:8.5.20]
	at org.springframework.web.filter.CharacterEncodingFilter.doFilterInternal(CharacterEncodingFilter.java:197) [spring-web-4.3.11.RELEASE.jar:4.3.11.RELEASE]
	at org.springframework.web.filter.OncePerRequestFilter.doFilter(OncePerRequestFilter.java:107) [spring-web-4.3.11.RELEASE.jar:4.3.11.RELEASE]
	at org.apache.catalina.core.ApplicationFilterChain.internalDoFilter(ApplicationFilterChain.java:193) [tomcat-embed-core-8.5.20.jar:8.5.20]
	at org.apache.catalina.core.ApplicationFilterChain.doFilter(ApplicationFilterChain.java:166) [tomcat-embed-core-8.5.20.jar:8.5.20]
	at org.apache.catalina.core.StandardWrapperValve.invoke(StandardWrapperValve.java:198) [tomcat-embed-core-8.5.20.jar:8.5.20]
	at org.apache.catalina.core.StandardContextValve.invoke(StandardContextValve.java:96) [tomcat-embed-core-8.5.20.jar:8.5.20]
	at org.apache.catalina.authenticator.AuthenticatorBase.invoke(AuthenticatorBase.java:478) [tomcat-embed-core-8.5.20.jar:8.5.20]
	at org.apache.catalina.core.StandardHostValve.invoke(StandardHostValve.java:140) [tomcat-embed-core-8.5.20.jar:8.5.20]
	at org.apache.catalina.valves.ErrorReportValve.invoke(ErrorReportValve.java:80) [tomcat-embed-core-8.5.20.jar:8.5.20]
	at org.apache.catalina.core.StandardEngineValve.invoke(StandardEngineValve.java:87) [tomcat-embed-core-8.5.20.jar:8.5.20]
	at org.apache.catalina.connector.CoyoteAdapter.service(CoyoteAdapter.java:342) [tomcat-embed-core-8.5.20.jar:8.5.20]
	at org.apache.coyote.http11.Http11Processor.service(Http11Processor.java:799) [tomcat-embed-core-8.5.20.jar:8.5.20]
	at org.apache.coyote.AbstractProcessorLight.process(AbstractProcessorLight.java:66) [tomcat-embed-core-8.5.20.jar:8.5.20]
	at org.apache.coyote.AbstractProtocol$ConnectionHandler.process(AbstractProtocol.java:868) [tomcat-embed-core-8.5.20.jar:8.5.20]
	at org.apache.tomcat.util.net.NioEndpoint$SocketProcessor.doRun(NioEndpoint.java:1457) [tomcat-embed-core-8.5.20.jar:8.5.20]
	at org.apache.tomcat.util.net.SocketProcessorBase.run(SocketProcessorBase.java:49) [tomcat-embed-core-8.5.20.jar:8.5.20]
	at java.util.concurrent.ThreadPoolExecutor.runWorker(ThreadPoolExecutor.java:1149) [?:1.8.0_144]
	at java.util.concurrent.ThreadPoolExecutor$Worker.run(ThreadPoolExecutor.java:624) [?:1.8.0_144]
	at org.apache.tomcat.util.threads.TaskThread$WrappingRunnable.run(TaskThread.java:61) [tomcat-embed-core-8.5.20.jar:8.5.20]
	at java.lang.Thread.run(Thread.java:748) [?:1.8.0_144]
2018-01-20 12:41:15.723 [http-nio-8181-exec-4] ERROR org.apache.catalina.core.ContainerBase.[Tomcat].[localhost].[/].[dispatcherServlet].log(181) - Servlet.service() for servlet [dispatcherServlet] in context with path [] threw exception [Request processing failed; nested exception is freemarker.core.InvalidReferenceException: The following has evaluated to null or missing:
==> scriptMenu  [in template "admin/inc-sidebar.html" at line 85, column 7]

----
Tip: If the failing expression is known to be legally refer to something that's sometimes null or missing, either specify a default value like myOptionalVar!myDefault, or use <#if myOptionalVar??>when-present<#else>when-missing</#if>. (These only cover the last step of the expression; to cover the whole expression, use parenthesis: (myOptionalVar.foo)!myDefault, (myOptionalVar.foo)??
----

----
FTL stack trace ("~" means nesting-related):
	- Failed at: ${scriptMenu}  [in template "admin/inc-sidebar.html" in macro "sidebarmenu" at line 85, column 5]
	- Reached through: @inc_sidebar.sidebarmenu  [in template "admin/index.html" at line 72, column 21]
----] with root cause
freemarker.core.InvalidReferenceException: The following has evaluated to null or missing:
==> scriptMenu  [in template "admin/inc-sidebar.html" at line 85, column 7]

----
Tip: If the failing expression is known to be legally refer to something that's sometimes null or missing, either specify a default value like myOptionalVar!myDefault, or use <#if myOptionalVar??>when-present<#else>when-missing</#if>. (These only cover the last step of the expression; to cover the whole expression, use parenthesis: (myOptionalVar.foo)!myDefault, (myOptionalVar.foo)??
----

----
FTL stack trace ("~" means nesting-related):
	- Failed at: ${scriptMenu}  [in template "admin/inc-sidebar.html" in macro "sidebarmenu" at line 85, column 5]
	- Reached through: @inc_sidebar.sidebarmenu  [in template "admin/index.html" at line 72, column 21]
----
	at freemarker.core.InvalidReferenceException.getInstance(InvalidReferenceException.java:134) ~[freemarker-2.3.26-incubating.jar:2.3.26]
	at freemarker.core.EvalUtil.coerceModelToTextualCommon(EvalUtil.java:465) ~[freemarker-2.3.26-incubating.jar:2.3.26]
	at freemarker.core.EvalUtil.coerceModelToStringOrMarkup(EvalUtil.java:387) ~[freemarker-2.3.26-incubating.jar:2.3.26]
	at freemarker.core.EvalUtil.coerceModelToStringOrMarkup(EvalUtil.java:356) ~[freemarker-2.3.26-incubating.jar:2.3.26]
	at freemarker.core.DollarVariable.calculateInterpolatedStringOrMarkup(DollarVariable.java:96) ~[freemarker-2.3.26-incubating.jar:2.3.26]
	at freemarker.core.DollarVariable.accept(DollarVariable.java:59) ~[freemarker-2.3.26-incubating.jar:2.3.26]
	at freemarker.core.Environment.visit(Environment.java:362) ~[freemarker-2.3.26-incubating.jar:2.3.26]
	at freemarker.core.Environment.invoke(Environment.java:714) ~[freemarker-2.3.26-incubating.jar:2.3.26]
	at freemarker.core.UnifiedCall.accept(UnifiedCall.java:83) ~[freemarker-2.3.26-incubating.jar:2.3.26]
	at freemarker.core.Environment.visit(Environment.java:326) ~[freemarker-2.3.26-incubating.jar:2.3.26]
	at freemarker.core.Environment.visit(Environment.java:332) ~[freemarker-2.3.26-incubating.jar:2.3.26]
	at freemarker.core.Environment.process(Environment.java:305) ~[freemarker-2.3.26-incubating.jar:2.3.26]
	at freemarker.template.Template.process(Template.java:378) ~[freemarker-2.3.26-incubating.jar:2.3.26]
	at org.springframework.web.servlet.view.freemarker.FreeMarkerView.processTemplate(FreeMarkerView.java:367) ~[spring-webmvc-4.3.11.RELEASE.jar:4.3.11.RELEASE]
	at org.springframework.web.servlet.view.freemarker.FreeMarkerView.doRender(FreeMarkerView.java:284) ~[spring-webmvc-4.3.11.RELEASE.jar:4.3.11.RELEASE]
	at org.springframework.web.servlet.view.freemarker.FreeMarkerView.renderMergedTemplateModel(FreeMarkerView.java:234) ~[spring-webmvc-4.3.11.RELEASE.jar:4.3.11.RELEASE]
	at org.springframework.web.servlet.view.AbstractTemplateView.renderMergedOutputModel(AbstractTemplateView.java:167) ~[spring-webmvc-4.3.11.RELEASE.jar:4.3.11.RELEASE]
	at org.springframework.web.servlet.view.AbstractView.render(AbstractView.java:303) ~[spring-webmvc-4.3.11.RELEASE.jar:4.3.11.RELEASE]
	at org.springframework.web.servlet.DispatcherServlet.render(DispatcherServlet.java:1286) ~[spring-webmvc-4.3.11.RELEASE.jar:4.3.11.RELEASE]
	at org.springframework.web.servlet.DispatcherServlet.processDispatchResult(DispatcherServlet.java:1041) ~[spring-webmvc-4.3.11.RELEASE.jar:4.3.11.RELEASE]
	at org.springframework.web.servlet.DispatcherServlet.doDispatch(DispatcherServlet.java:984) ~[spring-webmvc-4.3.11.RELEASE.jar:4.3.11.RELEASE]
	at org.springframework.web.servlet.DispatcherServlet.doService(DispatcherServlet.java:901) ~[spring-webmvc-4.3.11.RELEASE.jar:4.3.11.RELEASE]
	at org.springframework.web.servlet.FrameworkServlet.processRequest(FrameworkServlet.java:970) ~[spring-webmvc-4.3.11.RELEASE.jar:4.3.11.RELEASE]
	at org.springframework.web.servlet.FrameworkServlet.doGet(FrameworkServlet.java:861) ~[spring-webmvc-4.3.11.RELEASE.jar:4.3.11.RELEASE]
	at javax.servlet.http.HttpServlet.service(HttpServlet.java:635) ~[tomcat-embed-core-8.5.20.jar:8.5.20]
	at org.springframework.web.servlet.FrameworkServlet.service(FrameworkServlet.java:846) ~[spring-webmvc-4.3.11.RELEASE.jar:4.3.11.RELEASE]
	at javax.servlet.http.HttpServlet.service(HttpServlet.java:742) ~[tomcat-embed-core-8.5.20.jar:8.5.20]
	at org.apache.catalina.core.ApplicationFilterChain.internalDoFilter(ApplicationFilterChain.java:231) ~[tomcat-embed-core-8.5.20.jar:8.5.20]
	at org.apache.catalina.core.ApplicationFilterChain.doFilter(ApplicationFilterChain.java:166) ~[tomcat-embed-core-8.5.20.jar:8.5.20]
	at org.apache.tomcat.websocket.server.WsFilter.doFilter(WsFilter.java:52) ~[tomcat-embed-websocket-8.5.20.jar:8.5.20]
	at org.apache.catalina.core.ApplicationFilterChain.internalDoFilter(ApplicationFilterChain.java:193) ~[tomcat-embed-core-8.5.20.jar:8.5.20]
	at org.apache.catalina.core.ApplicationFilterChain.doFilter(ApplicationFilterChain.java:166) ~[tomcat-embed-core-8.5.20.jar:8.5.20]
	at arprast.qiyosq.server.MenuChainFilter.doFilterMenu(MenuChainFilter.java:91) ~[classes/:?]
	at arprast.qiyosq.server.MenuChainFilter.doFilter(MenuChainFilter.java:52) ~[classes/:?]
	at org.apache.catalina.core.ApplicationFilterChain.internalDoFilter(ApplicationFilterChain.java:193) ~[tomcat-embed-core-8.5.20.jar:8.5.20]
	at org.apache.catalina.core.ApplicationFilterChain.doFilter(ApplicationFilterChain.java:166) ~[tomcat-embed-core-8.5.20.jar:8.5.20]
	at org.springframework.security.web.FilterChainProxy$VirtualFilterChain.doFilter(FilterChainProxy.java:317) ~[spring-security-web-4.2.3.RELEASE.jar:4.2.3.RELEASE]
	at org.springframework.security.web.access.intercept.FilterSecurityInterceptor.invoke(FilterSecurityInterceptor.java:127) ~[spring-security-web-4.2.3.RELEASE.jar:4.2.3.RELEASE]
	at org.springframework.security.web.access.intercept.FilterSecurityInterceptor.doFilter(FilterSecurityInterceptor.java:91) ~[spring-security-web-4.2.3.RELEASE.jar:4.2.3.RELEASE]
	at org.springframework.security.web.FilterChainProxy$VirtualFilterChain.doFilter(FilterChainProxy.java:331) ~[spring-security-web-4.2.3.RELEASE.jar:4.2.3.RELEASE]
	at org.springframework.security.web.access.ExceptionTranslationFilter.doFilter(ExceptionTranslationFilter.java:114) ~[spring-security-web-4.2.3.RELEASE.jar:4.2.3.RELEASE]
	at org.springframework.security.web.FilterChainProxy$VirtualFilterChain.doFilter(FilterChainProxy.java:331) ~[spring-security-web-4.2.3.RELEASE.jar:4.2.3.RELEASE]
	at org.springframework.security.web.session.SessionManagementFilter.doFilter(SessionManagementFilter.java:137) ~[spring-security-web-4.2.3.RELEASE.jar:4.2.3.RELEASE]
	at org.springframework.security.web.FilterChainProxy$VirtualFilterChain.doFilter(FilterChainProxy.java:331) ~[spring-security-web-4.2.3.RELEASE.jar:4.2.3.RELEASE]
	at org.springframework.security.web.authentication.AnonymousAuthenticationFilter.doFilter(AnonymousAuthenticationFilter.java:111) ~[spring-security-web-4.2.3.RELEASE.jar:4.2.3.RELEASE]
	at org.springframework.security.web.FilterChainProxy$VirtualFilterChain.doFilter(FilterChainProxy.java:331) ~[spring-security-web-4.2.3.RELEASE.jar:4.2.3.RELEASE]
	at org.springframework.security.web.servletapi.SecurityContextHolderAwareRequestFilter.doFilter(SecurityContextHolderAwareRequestFilter.java:170) ~[spring-security-web-4.2.3.RELEASE.jar:4.2.3.RELEASE]
	at org.springframework.security.web.FilterChainProxy$VirtualFilterChain.doFilter(FilterChainProxy.java:331) ~[spring-security-web-4.2.3.RELEASE.jar:4.2.3.RELEASE]
	at org.springframework.security.web.savedrequest.RequestCacheAwareFilter.doFilter(RequestCacheAwareFilter.java:63) ~[spring-security-web-4.2.3.RELEASE.jar:4.2.3.RELEASE]
	at org.springframework.security.web.FilterChainProxy$VirtualFilterChain.doFilter(FilterChainProxy.java:331) ~[spring-security-web-4.2.3.RELEASE.jar:4.2.3.RELEASE]
	at org.springframework.security.web.authentication.AbstractAuthenticationProcessingFilter.doFilter(AbstractAuthenticationProcessingFilter.java:200) ~[spring-security-web-4.2.3.RELEASE.jar:4.2.3.RELEASE]
	at org.springframework.security.web.FilterChainProxy$VirtualFilterChain.doFilter(FilterChainProxy.java:331) ~[spring-security-web-4.2.3.RELEASE.jar:4.2.3.RELEASE]
	at org.springframework.security.web.authentication.logout.LogoutFilter.doFilter(LogoutFilter.java:116) ~[spring-security-web-4.2.3.RELEASE.jar:4.2.3.RELEASE]
	at org.springframework.security.web.FilterChainProxy$VirtualFilterChain.doFilter(FilterChainProxy.java:331) ~[spring-security-web-4.2.3.RELEASE.jar:4.2.3.RELEASE]
	at arprast.qiyosq.server.ConfigurationCrsfFilter.doFilterInternal(ConfigurationCrsfFilter.java:38) ~[classes/:?]
	at org.springframework.web.filter.OncePerRequestFilter.doFilter(OncePerRequestFilter.java:107) ~[spring-web-4.3.11.RELEASE.jar:4.3.11.RELEASE]
	at org.springframework.security.web.FilterChainProxy$VirtualFilterChain.doFilter(FilterChainProxy.java:331) ~[spring-security-web-4.2.3.RELEASE.jar:4.2.3.RELEASE]
	at org.springframework.security.web.csrf.CsrfFilter.doFilterInternal(CsrfFilter.java:100) ~[spring-security-web-4.2.3.RELEASE.jar:4.2.3.RELEASE]
	at org.springframework.web.filter.OncePerRequestFilter.doFilter(OncePerRequestFilter.java:107) ~[spring-web-4.3.11.RELEASE.jar:4.3.11.RELEASE]
	at org.springframework.security.web.FilterChainProxy$VirtualFilterChain.doFilter(FilterChainProxy.java:331) ~[spring-security-web-4.2.3.RELEASE.jar:4.2.3.RELEASE]
	at org.springframework.security.web.header.HeaderWriterFilter.doFilterInternal(HeaderWriterFilter.java:64) ~[spring-security-web-4.2.3.RELEASE.jar:4.2.3.RELEASE]
	at org.springframework.web.filter.OncePerRequestFilter.doFilter(OncePerRequestFilter.java:107) ~[spring-web-4.3.11.RELEASE.jar:4.3.11.RELEASE]
	at org.springframework.security.web.FilterChainProxy$VirtualFilterChain.doFilter(FilterChainProxy.java:331) ~[spring-security-web-4.2.3.RELEASE.jar:4.2.3.RELEASE]
	at org.springframework.security.web.context.SecurityContextPersistenceFilter.doFilter(SecurityContextPersistenceFilter.java:105) ~[spring-security-web-4.2.3.RELEASE.jar:4.2.3.RELEASE]
	at org.springframework.security.web.FilterChainProxy$VirtualFilterChain.doFilter(FilterChainProxy.java:331) ~[spring-security-web-4.2.3.RELEASE.jar:4.2.3.RELEASE]
	at org.springframework.security.web.context.request.async.WebAsyncManagerIntegrationFilter.doFilterInternal(WebAsyncManagerIntegrationFilter.java:56) ~[spring-security-web-4.2.3.RELEASE.jar:4.2.3.RELEASE]
	at org.springframework.web.filter.OncePerRequestFilter.doFilter(OncePerRequestFilter.java:107) ~[spring-web-4.3.11.RELEASE.jar:4.3.11.RELEASE]
	at org.springframework.security.web.FilterChainProxy$VirtualFilterChain.doFilter(FilterChainProxy.java:331) ~[spring-security-web-4.2.3.RELEASE.jar:4.2.3.RELEASE]
	at org.springframework.security.web.FilterChainProxy.doFilterInternal(FilterChainProxy.java:214) ~[spring-security-web-4.2.3.RELEASE.jar:4.2.3.RELEASE]
	at org.springframework.security.web.FilterChainProxy.doFilter(FilterChainProxy.java:177) ~[spring-security-web-4.2.3.RELEASE.jar:4.2.3.RELEASE]
	at org.springframework.web.filter.DelegatingFilterProxy.invokeDelegate(DelegatingFilterProxy.java:346) ~[spring-web-4.3.11.RELEASE.jar:4.3.11.RELEASE]
	at org.springframework.web.filter.DelegatingFilterProxy.doFilter(DelegatingFilterProxy.java:262) ~[spring-web-4.3.11.RELEASE.jar:4.3.11.RELEASE]
	at org.apache.catalina.core.ApplicationFilterChain.internalDoFilter(ApplicationFilterChain.java:193) ~[tomcat-embed-core-8.5.20.jar:8.5.20]
	at org.apache.catalina.core.ApplicationFilterChain.doFilter(ApplicationFilterChain.java:166) ~[tomcat-embed-core-8.5.20.jar:8.5.20]
	at org.springframework.web.filter.RequestContextFilter.doFilterInternal(RequestContextFilter.java:99) ~[spring-web-4.3.11.RELEASE.jar:4.3.11.RELEASE]
	at org.springframework.web.filter.OncePerRequestFilter.doFilter(OncePerRequestFilter.java:107) ~[spring-web-4.3.11.RELEASE.jar:4.3.11.RELEASE]
	at org.apache.catalina.core.ApplicationFilterChain.internalDoFilter(ApplicationFilterChain.java:193) ~[tomcat-embed-core-8.5.20.jar:8.5.20]
	at org.apache.catalina.core.ApplicationFilterChain.doFilter(ApplicationFilterChain.java:166) ~[tomcat-embed-core-8.5.20.jar:8.5.20]
	at org.springframework.web.filter.HttpPutFormContentFilter.doFilterInternal(HttpPutFormContentFilter.java:108) ~[spring-web-4.3.11.RELEASE.jar:4.3.11.RELEASE]
	at org.springframework.web.filter.OncePerRequestFilter.doFilter(OncePerRequestFilter.java:107) ~[spring-web-4.3.11.RELEASE.jar:4.3.11.RELEASE]
	at org.apache.catalina.core.ApplicationFilterChain.internalDoFilter(ApplicationFilterChain.java:193) ~[tomcat-embed-core-8.5.20.jar:8.5.20]
	at org.apache.catalina.core.ApplicationFilterChain.doFilter(ApplicationFilterChain.java:166) ~[tomcat-embed-core-8.5.20.jar:8.5.20]
	at org.springframework.web.filter.HiddenHttpMethodFilter.doFilterInternal(HiddenHttpMethodFilter.java:81) ~[spring-web-4.3.11.RELEASE.jar:4.3.11.RELEASE]
	at org.springframework.web.filter.OncePerRequestFilter.doFilter(OncePerRequestFilter.java:107) ~[spring-web-4.3.11.RELEASE.jar:4.3.11.RELEASE]
	at org.apache.catalina.core.ApplicationFilterChain.internalDoFilter(ApplicationFilterChain.java:193) ~[tomcat-embed-core-8.5.20.jar:8.5.20]
	at org.apache.catalina.core.ApplicationFilterChain.doFilter(ApplicationFilterChain.java:166) ~[tomcat-embed-core-8.5.20.jar:8.5.20]
	at org.springframework.web.filter.CharacterEncodingFilter.doFilterInternal(CharacterEncodingFilter.java:197) ~[spring-web-4.3.11.RELEASE.jar:4.3.11.RELEASE]
	at org.springframework.web.filter.OncePerRequestFilter.doFilter(OncePerRequestFilter.java:107) ~[spring-web-4.3.11.RELEASE.jar:4.3.11.RELEASE]
	at org.apache.catalina.core.ApplicationFilterChain.internalDoFilter(ApplicationFilterChain.java:193) ~[tomcat-embed-core-8.5.20.jar:8.5.20]
	at org.apache.catalina.core.ApplicationFilterChain.doFilter(ApplicationFilterChain.java:166) ~[tomcat-embed-core-8.5.20.jar:8.5.20]
	at org.apache.catalina.core.StandardWrapperValve.invoke(StandardWrapperValve.java:198) [tomcat-embed-core-8.5.20.jar:8.5.20]
	at org.apache.catalina.core.StandardContextValve.invoke(StandardContextValve.java:96) [tomcat-embed-core-8.5.20.jar:8.5.20]
	at org.apache.catalina.authenticator.AuthenticatorBase.invoke(AuthenticatorBase.java:478) [tomcat-embed-core-8.5.20.jar:8.5.20]
	at org.apache.catalina.core.StandardHostValve.invoke(StandardHostValve.java:140) [tomcat-embed-core-8.5.20.jar:8.5.20]
	at org.apache.catalina.valves.ErrorReportValve.invoke(ErrorReportValve.java:80) [tomcat-embed-core-8.5.20.jar:8.5.20]
	at org.apache.catalina.core.StandardEngineValve.invoke(StandardEngineValve.java:87) [tomcat-embed-core-8.5.20.jar:8.5.20]
	at org.apache.catalina.connector.CoyoteAdapter.service(CoyoteAdapter.java:342) [tomcat-embed-core-8.5.20.jar:8.5.20]
	at org.apache.coyote.http11.Http11Processor.service(Http11Processor.java:799) [tomcat-embed-core-8.5.20.jar:8.5.20]
	at org.apache.coyote.AbstractProcessorLight.process(AbstractProcessorLight.java:66) [tomcat-embed-core-8.5.20.jar:8.5.20]
	at org.apache.coyote.AbstractProtocol$ConnectionHandler.process(AbstractProtocol.java:868) [tomcat-embed-core-8.5.20.jar:8.5.20]
	at org.apache.tomcat.util.net.NioEndpoint$SocketProcessor.doRun(NioEndpoint.java:1457) [tomcat-embed-core-8.5.20.jar:8.5.20]
	at org.apache.tomcat.util.net.SocketProcessorBase.run(SocketProcessorBase.java:49) [tomcat-embed-core-8.5.20.jar:8.5.20]
	at java.util.concurrent.ThreadPoolExecutor.runWorker(ThreadPoolExecutor.java:1149) [?:1.8.0_144]
	at java.util.concurrent.ThreadPoolExecutor$Worker.run(ThreadPoolExecutor.java:624) [?:1.8.0_144]
	at org.apache.tomcat.util.threads.TaskThread$WrappingRunnable.run(TaskThread.java:61) [tomcat-embed-core-8.5.20.jar:8.5.20]
	at java.lang.Thread.run(Thread.java:748) [?:1.8.0_144]
2018-01-20 12:41:17.314 [http-nio-8181-exec-9] DEBUG arprast.qiyosq.server.MenuChainFilter.logDebug(75) - Uri chain filter=/admin/v1/view/main
2018-01-20 12:41:20.209 [http-nio-8181-exec-7] DEBUG arprast.qiyosq.server.MenuChainFilter.logDebug(75) - Uri chain filter=/admin/v1/view/usergroup
2018-01-20 12:41:21.898 [http-nio-8181-exec-1] DEBUG arprast.qiyosq.server.MenuChainFilter.logDebug(75) - Uri chain filter=/admin/v1/view/main
2018-01-20 12:41:25.161 [http-nio-8181-exec-8] DEBUG arprast.qiyosq.server.MenuChainFilter.logDebug(75) - Uri chain filter=/admin/v1/view/authorization/
2018-01-20 12:41:25.265 [http-nio-8181-exec-10] DEBUG arprast.qiyosq.server.MenuChainFilter.logDebug(75) - Uri chain filter=/admin/v1/spa/templates/authorization-index.js
2018-01-20 12:41:25.343 [http-nio-8181-exec-6] DEBUG arprast.qiyosq.server.MenuChainFilter.logDebug(75) - Uri chain filter=/admin/v1/api/authorization/list/1
2018-01-20 12:41:25.433 [http-nio-8181-exec-6] DEBUG arprast.qiyosq.services.AuthorizationServiceImpl.getAuthorizationList(103) - RequestData [limit=10, offset=0, search=, sortColumn=null, isAscending=false, getId()=1]
2018-01-20 12:41:25.473 [http-nio-8181-exec-6] DEBUG arprast.qiyosq.services.AuthorizationServiceImpl.getDataMenu(147) - result count parent id=69, Level menu=0, Id=0
2018-01-20 12:41:25.476 [http-nio-8181-exec-6] DEBUG arprast.qiyosq.services.AuthorizationServiceImpl.getDataMenu(147) - result count parent id=70, Level menu=1, Id=69
2018-01-20 12:41:25.479 [http-nio-8181-exec-6] DEBUG arprast.qiyosq.services.AuthorizationServiceImpl.getDataMenu(147) - result count parent id=71, Level menu=1, Id=69
2018-01-20 12:41:25.483 [http-nio-8181-exec-6] DEBUG arprast.qiyosq.services.AuthorizationServiceImpl.getDataMenu(147) - result count parent id=72, Level menu=0, Id=0
2018-01-20 12:41:25.486 [http-nio-8181-exec-6] DEBUG arprast.qiyosq.services.AuthorizationServiceImpl.getDataMenu(147) - result count parent id=73, Level menu=1, Id=72
2018-01-20 12:41:25.491 [http-nio-8181-exec-6] DEBUG arprast.qiyosq.services.AuthorizationServiceImpl.getDataMenu(147) - result count parent id=74, Level menu=2, Id=73
2018-01-20 12:41:25.495 [http-nio-8181-exec-6] DEBUG arprast.qiyosq.services.AuthorizationServiceImpl.getDataMenu(147) - result count parent id=75, Level menu=2, Id=73
2018-01-20 12:41:25.498 [http-nio-8181-exec-6] DEBUG arprast.qiyosq.services.AuthorizationServiceImpl.getDataMenu(147) - result count parent id=76, Level menu=1, Id=72
2018-01-20 12:41:25.501 [http-nio-8181-exec-6] DEBUG arprast.qiyosq.services.AuthorizationServiceImpl.getDataMenu(147) - result count parent id=77, Level menu=1, Id=72
2018-01-20 12:41:25.509 [http-nio-8181-exec-6] DEBUG arprast.qiyosq.services.AuthorizationServiceImpl.getDataMenu(147) - result count parent id=78, Level menu=1, Id=72
